Build started 12/14/2017 3:34:58 PM.
     1>Project "C:\Users\josef\Documents\Visual Studio 2010\Projects\gg\stlsrandart\stlsrandart\stlsrandart.vcxproj" on node 2 (build target(s)).
     1>InitializeBuildStatus:
         Creating "Debug\stlsrandart.unsuccessfulbuild" because "AlwaysCreate" was specified.
       ClCompile:
         c:\Program Files (x86)\Microsoft Visual Studio 10.0\VC\bin\CL.exe /c /ZI /nologo /W3 /WX- /Od /Oy- /D _MBCS /Gm /EHsc /RTC1 /MDd /GS /fp:precise /Zc:wchar_t /Zc:forScope /Fo"Debug\\" /Fd"Debug\vc100.pdb" /Gd /TP /analyze- /errorReport:prompt vector.cpp
         vector.cpp
     1>c:\users\josef\documents\visual studio 2010\projects\gg\stlsrandart\stlsrandart\vector.cpp(19): warning C4018: '<' : signed/unsigned mismatch
       Link:
         c:\Program Files (x86)\Microsoft Visual Studio 10.0\VC\bin\link.exe /ERRORREPORT:PROMPT /OUT:"C:\Users\josef\Documents\Visual Studio 2010\Projects\gg\stlsrandart\Debug\stlsrandart.exe" /NOLOGO kernel32.lib user32.lib gdi32.lib winspool.lib comdlg32.lib advapi32.lib shell32.lib ole32.lib oleaut32.lib uuid.lib odbc32.lib odbccp32.lib /MANIFEST /ManifestFile:"Debug\stlsrandart.exe.intermediate.manifest" /MANIFESTUAC:"level='asInvoker' uiAccess='false'" /DEBUG /PDB:"C:\Users\josef\Documents\Visual Studio 2010\Projects\gg\stlsrandart\Debug\stlsrandart.pdb" /TLBID:1 /DYNAMICBASE /NXCOMPAT /IMPLIB:"C:\Users\josef\Documents\Visual Studio 2010\Projects\gg\stlsrandart\Debug\stlsrandart.lib" /MACHINE:X86 Debug\vector.obj
         LINK : C:\Users\josef\Documents\Visual Studio 2010\Projects\gg\stlsrandart\Debug\stlsrandart.exe not found or not built by the last incremental link; performing full link
         stlsrandart.vcxproj -> C:\Users\josef\Documents\Visual Studio 2010\Projects\gg\stlsrandart\Debug\stlsrandart.exe
       Manifest:
         c:\Program Files (x86)\Microsoft SDKs\Windows\v7.0A\bin\mt.exe /nologo /verbose /outputresource:"C:\Users\josef\Documents\Visual Studio 2010\Projects\gg\stlsrandart\Debug\stlsrandart.exe;#1" /manifest Debug\stlsrandart.exe.intermediate.manifest
       FinalizeBuildStatus:
         Deleting file "Debug\stlsrandart.unsuccessfulbuild".
         Touching "Debug\stlsrandart.lastbuildstate".
     1>Done Building Project "C:\Users\josef\Documents\Visual Studio 2010\Projects\gg\stlsrandart\stlsrandart\stlsrandart.vcxproj" (build target(s)).

Build succeeded.

Time Elapsed 00:00:01.40
